<?xml version="1.0" encoding="UTF-8"?>
<!-- Generated by org.testng.reporters.JUnitReportReporter -->
<testsuite hostname="TP5VDIDEVTCM623" name="testcase.problemManagement" tests="1" failures="0" timestamp="17 May 2019 07:01:18 GMT" time="146.489" errors="0">
  <testcase name="testStateWIPTask" time="146.489" classname="testcase.problemManagement"/>
</testsuite> <!-- testcase.problemManagement -->
