<?xml version="1.0" encoding="UTF-8"?>
<!-- Generated by org.testng.reporters.JUnitReportReporter -->
<testsuite hostname="TP5VDIDEVTCM623" name="testcase.changeManagement" tests="1" failures="0" timestamp="8 Mar 2019 07:35:51 GMT" time="118.074" errors="0">
  <testcase name="testChangeTicketUpdation" time="118.074" classname="testcase.changeManagement"/>
</testsuite> <!-- testcase.changeManagement -->
