<?xml version="1.0" encoding="UTF-8"?>
<!-- Generated by org.testng.reporters.JUnitReportReporter -->
<testsuite hostname="TP5VDIDEVTCM623" name="testcase.ChangeReg" tests="1" failures="0" timestamp="8 Mar 2019 07:45:28 GMT" time="188.320" errors="0">
  <testcase name="testFollowUpListView" time="188.320" classname="testcase.ChangeReg"/>
</testsuite> <!-- testcase.ChangeReg -->
